  0.75  18.4926186
  1.24640286  18.4926186
  1.24640286  18.4926186
  1.74916983  18.4926186
  1.74916983  18.4926186
  2.24557281  18.4926186
  2.24557281  19.0365181
  2.74833965  19.0365181
  2.74833965  13.5975132
  3.25110674  13.5975132
  3.25110674  15.2292156
  3.74750972  15.2292156
  3.74750972  16.3170166
  4.25027657  16.3170166
  4.25027657  16.8609161
  4.74667931  16.8609161
  4.74667931  16.8609161
  5.24944639  16.8609161
  5.24944639  17.4048176
  5.74584961  17.4048176
  5.74584961  17.4048176
  6.2486167  17.4048176
  6.2486167  17.4048176
  6.7513833  17.4048176
  6.7513833  16.3170166
  7.24778652  16.3170166
  7.24778652  15.7731161
  7.75055361  15.7731161
  7.75055361  14.1414137
  8.24695587  14.1414137
  8.24695587  22.8438225
  9.24612617  22.8438225
  9.24612617  16.3170166
  10.2516603  16.3170166
  10.2516603  17.4048176
  12.25  17.4048176
