  0.75  114.219116
  1.24640286  114.219116
  1.24640286  286.091675
  1.74916983  286.091675
  1.74916983  435.664337
  2.24557281  435.664337
  2.24557281  531.390808
  2.74833965  531.390808
  2.74833965  544.444458
  3.25110674  544.444458
  3.25110674  509.634796
  3.74750972  509.634796
  3.74750972  432.40094
  4.25027657  432.40094
  4.25027657  352.991455
  4.74667931  352.991455
  4.74667931  281.196594
  5.24944639  281.196594
  5.24944639  207.770004
  5.74584961  207.770004
  5.74584961  149.028748
  6.2486167  149.028748
  6.2486167  105.516708
  6.7513833  105.516708
  6.7513833  63.636364
  7.24778652  63.636364
  7.24778652  38.6169395
  7.75055361  38.6169395
  7.75055361  22.8438225
  8.24695587  22.8438225
  8.24695587  26.1072254
  9.24612617  26.1072254
  9.24612617  17.4048176
  10.2516603  17.4048176
  10.2516603  17.4048176
  12.25  17.4048176
