  0.75  122.377625
  1.24640286  122.377625
  1.24640286  308.935516
  1.74916983  308.935516
  1.74916983  466.122772
  2.24557281  466.122772
  2.24557281  562.937073
  2.74833965  562.937073
  2.74833965  571.639465
  3.25110674  571.639465
  3.25110674  530.30304
  3.74750972  530.30304
  3.74750972  447.086243
  4.25027657  447.086243
  4.25027657  362.781677
  4.74667931  362.781677
  4.74667931  288.267303
  5.24944639  288.267303
  5.24944639  212.121216
  5.74584961  212.121216
  5.74584961  151.748245
  6.2486167  151.748245
  6.2486167  107.148407
  6.7513833  107.148407
  6.7513833  64.1802673
  7.24778652  64.1802673
  7.24778652  39.1608391
  7.75055361  39.1608391
  7.75055361  22.8438225
  8.24695587  22.8438225
  8.24695587  26.1072254
  9.24612617  26.1072254
  9.24612617  17.4048176
  10.2516603  17.4048176
  10.2516603  17.4048176
  12.25  17.4048176
