  0.75  0.
  0.75  18.4926186
  2.2131834  18.4926186
  2.2131834  19.0365181
  2.70506239  19.0365181
  2.70506239  13.5975132
  3.1969409  13.5975132
  3.1969409  15.2292156
  3.68259335  15.2292156
  3.68259335  16.3170166
  4.17447186  16.3170166
  4.17447186  16.8609161
  5.15200329  16.8609161
  5.15200329  17.4048176
  6.62141323  17.4048176
  6.62141323  16.3170166
  7.10706568  16.3170166
  7.10706568  15.7731161
  7.59894419  15.7731161
  7.59894419  14.1414137
  8.08459663  14.1414137
  8.08459663  11.4219112
  9.06212807  11.4219112
  9.06212807  8.1585083
  10.0458851  8.1585083
  10.0458851  4.3512044
  12.000948  4.3512044
