  0.75  114.219116
  1.23565245  114.219116
  1.23565245  286.091675
  1.72753119  286.091675
  1.72753119  435.664337
  2.2131834  435.664337
  2.2131834  531.390808
  2.70506239  531.390808
  2.70506239  544.444458
  3.1969409  544.444458
  3.1969409  509.634796
  3.68259335  509.634796
  3.68259335  432.40094
  4.17447186  432.40094
  4.17447186  352.991455
  4.66012478  352.991455
  4.66012478  281.196594
  5.15200329  281.196594
  5.15200329  207.770004
  5.63765574  207.770004
  5.63765574  149.028748
  6.12953424  149.028748
  6.12953424  105.516708
  6.62141323  105.516708
  6.62141323  63.636364
  7.10706568  63.636364
  7.10706568  38.6169395
  7.59894419  38.6169395
  7.59894419  22.8438225
  8.08459663  22.8438225
  8.08459663  13.0536127
  9.06212807  13.0536127
  9.06212807  8.70240879
  10.0458851  8.70240879
  10.0458851  4.3512044
  12.000948  4.3512044
