  0.75  122.377625
  1.23565245  122.377625
  1.23565245  308.935516
  1.72753119  308.935516
  1.72753119  466.122772
  2.2131834  466.122772
  2.2131834  562.937073
  2.70506239  562.937073
  2.70506239  571.639465
  3.1969409  571.639465
  3.1969409  530.30304
  3.68259335  530.30304
  3.68259335  447.086243
  4.17447186  447.086243
  4.17447186  362.781677
  4.66012478  362.781677
  4.66012478  288.267303
  5.15200329  288.267303
  5.15200329  212.121216
  5.63765574  212.121216
  5.63765574  151.748245
  6.12953424  151.748245
  6.12953424  107.148407
  6.62141323  107.148407
  6.62141323  64.1802673
  7.10706568  64.1802673
  7.10706568  39.1608391
  7.59894419  39.1608391
  7.59894419  22.8438225
  8.08459663  22.8438225
  8.08459663  13.0536127
  9.06212807  13.0536127
  9.06212807  8.70240879
  10.0458851  8.70240879
  10.0458851  4.3512044
  12.000948  4.3512044
